<?xml version="1.0" encoding="UTF-8"?>
<!-- Generated by org.testng.reporters.JUnitXMLReporter -->
<testsuite ignored="0" hostname="Lenovo" failures="0" tests="6" name="Default test" time="0.374" errors="0" timestamp="2024-04-09T21:06:08 IST">
  <testcase classname="com.Selenium.TestNG_Invocation" name="chrome" time="0.057"/>
  <testcase classname="com.Selenium.TestNG_Invocation" name="chrome" time="0.023"/>
  <testcase classname="com.Selenium.TestNG_Invocation" name="firefox" time="0.046"/>
  <testcase classname="com.Selenium.TestNG_Invocation" name="opera" time="0.008"/>
  <testcase classname="com.Selenium.TestNG_Invocation" name="opera" time="0.014"/>
  <testcase classname="com.Selenium.TestNG_Invocation" name="opera" time="0.016"/>
</testsuite> <!-- Default test -->
