<?xml version="1.0" encoding="UTF-8"?>
<testng-results ignored="0" total="6" passed="6" failed="0" skipped="0">
  <reporter-output>
  </reporter-output>
  <suite started-at="2024-04-09T21:06:07 IST" name="Default suite" finished-at="2024-04-09T21:06:08 IST" duration-ms="374">
    <groups>
    </groups>
    <test started-at="2024-04-09T21:06:07 IST" name="Default test" finished-at="2024-04-09T21:06:08 IST" duration-ms="374">
      <class name="com.Selenium.TestNG_Invocation">
        <test-method signature="chrome()[pri:0, instance:com.Selenium.TestNG_Invocation@3d6f0054]" started-at="2024-04-09T21:06:07 IST" name="chrome" finished-at="2024-04-09T21:06:07 IST" duration-ms="57" status="PASS">
          <reporter-output>
          </reporter-output>
        </test-method> <!-- chrome -->
        <test-method signature="chrome()[pri:0, instance:com.Selenium.TestNG_Invocation@3d6f0054]" started-at="2024-04-09T21:06:07 IST" name="chrome" finished-at="2024-04-09T21:06:07 IST" duration-ms="23" status="PASS">
          <reporter-output>
          </reporter-output>
        </test-method> <!-- chrome -->
        <test-method signature="firefox()[pri:0, instance:com.Selenium.TestNG_Invocation@3d6f0054]" started-at="2024-04-09T21:06:07 IST" name="firefox" finished-at="2024-04-09T21:06:07 IST" duration-ms="46" status="PASS">
          <reporter-output>
          </reporter-output>
        </test-method> <!-- firefox -->
        <test-method signature="opera()[pri:0, instance:com.Selenium.TestNG_Invocation@3d6f0054]" started-at="2024-04-09T21:06:08 IST" name="opera" finished-at="2024-04-09T21:06:08 IST" duration-ms="8" status="PASS">
          <reporter-output>
          </reporter-output>
        </test-method> <!-- opera -->
        <test-method signature="opera()[pri:0, instance:com.Selenium.TestNG_Invocation@3d6f0054]" started-at="2024-04-09T21:06:08 IST" name="opera" finished-at="2024-04-09T21:06:08 IST" duration-ms="14" status="PASS">
          <reporter-output>
          </reporter-output>
        </test-method> <!-- opera -->
        <test-method signature="opera()[pri:0, instance:com.Selenium.TestNG_Invocation@3d6f0054]" started-at="2024-04-09T21:06:08 IST" name="opera" finished-at="2024-04-09T21:06:08 IST" duration-ms="16" status="PASS">
          <reporter-output>
          </reporter-output>
        </test-method> <!-- opera -->
      </class> <!-- com.Selenium.TestNG_Invocation -->
    </test> <!-- Default test -->
  </suite> <!-- Default suite -->
</testng-results>
